<?xml version="1.0" encoding="UTF-8"?>
<testsuite name="RestaurantsVisitedUnitTest" tests="3" skipped="0" failures="0" errors="0" timestamp="2015-08-18T19:33:11" hostname="epicodus-115.local" time="0.001">
  <properties/>
  <testcase name="restaurantsVisited_instantiatsWithDescriptionDate_true" classname="RestaurantsVisitedUnitTest" time="0.0"/>
  <testcase name="restaurantsVisited_instantiatsWithDescriptionName_true" classname="RestaurantsVisitedUnitTest" time="0.0"/>
  <testcase name="restaurantsVisited_instantiatesCorrectly_true" classname="RestaurantsVisitedUnitTest" time="0.0"/>
  <system-out><![CDATA[]]></system-out>
  <system-err><![CDATA[]]></system-err>
</testsuite>
